[INFO] Scanning for projects...
[INFO] 
[INFO] ----------------------< com.adrian:resumeServer >-----------------------
[INFO] Building resume.server 0.0.1-SNAPSHOT
[INFO]   from pom.xml
[INFO] --------------------------------[ jar ]---------------------------------
[INFO] 
[INFO] >>> spring-boot:3.4.1:run (default-cli) > test-compile @ resumeServer >>>
[INFO] 
[INFO] --- resources:3.3.1:resources (default-resources) @ resumeServer ---
[INFO] Copying 1 resource from src/main/resources to target/classes
[INFO] Copying 3 resources from src/main/resources to target/classes
[INFO] 
[INFO] --- compiler:3.13.0:compile (default-compile) @ resumeServer ---
[INFO] Nothing to compile - all classes are up to date.
[INFO] 
[INFO] --- resources:3.3.1:testResources (default-testResources) @ resumeServer ---
[INFO] skip non existing resourceDirectory /Users/adrian/server.io/resume.server/src/test/resources
[INFO] 
[INFO] --- compiler:3.13.0:testCompile (default-testCompile) @ resumeServer ---
[INFO] Nothing to compile - all classes are up to date.
[INFO] 
[INFO] <<< spring-boot:3.4.1:run (default-cli) < test-compile @ resumeServer <<<
[INFO] 
[INFO] 
[INFO] --- spring-boot:3.4.1:run (default-cli) @ resumeServer ---
[INFO] Attaching agents: []

  .   ____          _            __ _ _
 /\\ / ___'_ __ _ _(_)_ __  __ _ \ \ \ \
( ( )\___ | '_ | '_| | '_ \/ _` | \ \ \ \
 \\/  ___)| |_)| | | | | || (_| |  ) ) ) )
  '  |____| .__|_| |_|_| |_\__, | / / / /
 =========|_|==============|___/=/_/_/_/

 :: Spring Boot ::                (v3.4.1)

2026-04-30T21:54:40.291-07:00  INFO 79941 --- [resume.server] [           main] com.adrian.resumeserver.Application      : Starting Application using Java 21.0.4 with PID 79941 (/Users/adrian/server.io/resume.server/target/classes started by adrian in /Users/adrian/server.io/resume.server)
2026-04-30T21:54:40.293-07:00  INFO 79941 --- [resume.server] [           main] com.adrian.resumeserver.Application      : No active profile set, falling back to 1 default profile: "default"
2026-04-30T21:54:40.664-07:00  INFO 79941 --- [resume.server] [           main] .s.d.r.c.RepositoryConfigurationDelegate : Bootstrapping Spring Data JPA repositories in DEFAULT mode.
2026-04-30T21:54:40.685-07:00  INFO 79941 --- [resume.server] [           main] .s.d.r.c.RepositoryConfigurationDelegate : Finished Spring Data repository scanning in 18 ms. Found 6 JPA repository interfaces.
2026-04-30T21:54:40.932-07:00  INFO 79941 --- [resume.server] [           main] o.s.b.w.embedded.tomcat.TomcatWebServer  : Tomcat initialized with port 8080 (http)
2026-04-30T21:54:40.936-07:00  INFO 79941 --- [resume.server] [           main] o.apache.catalina.core.StandardService   : Starting service [Tomcat]
2026-04-30T21:54:40.936-07:00  INFO 79941 --- [resume.server] [           main] o.apache.catalina.core.StandardEngine    : Starting Servlet engine: [Apache Tomcat/10.1.34]
2026-04-30T21:54:40.955-07:00  INFO 79941 --- [resume.server] [           main] o.a.c.c.C.[Tomcat].[localhost].[/]       : Initializing Spring embedded WebApplicationContext
2026-04-30T21:54:40.955-07:00  INFO 79941 --- [resume.server] [           main] w.s.c.ServletWebServerApplicationContext : Root WebApplicationContext: initialization completed in 646 ms
2026-04-30T21:54:41.093-07:00  INFO 79941 --- [resume.server] [           main] com.zaxxer.hikari.HikariDataSource       : HikariPool-1 - Starting...
2026-04-30T21:54:41.169-07:00  INFO 79941 --- [resume.server] [           main] com.zaxxer.hikari.pool.HikariPool        : HikariPool-1 - Added connection org.postgresql.jdbc.PgConnection@789dd6bf
2026-04-30T21:54:41.170-07:00  INFO 79941 --- [resume.server] [           main] com.zaxxer.hikari.HikariDataSource       : HikariPool-1 - Start completed.
2026-04-30T21:54:41.180-07:00  INFO 79941 --- [resume.server] [           main] org.flywaydb.core.FlywayExecutor         : Database: jdbc:postgresql://localhost:5432/webserver_db (PostgreSQL 16.12)
2026-04-30T21:54:41.208-07:00  INFO 79941 --- [resume.server] [           main] o.f.core.internal.command.DbValidate     : Successfully validated 3 migrations (execution time 00:00.013s)
2026-04-30T21:54:41.236-07:00  INFO 79941 --- [resume.server] [           main] o.f.core.internal.command.DbMigrate      : Current version of schema "public": 3
2026-04-30T21:54:41.238-07:00  INFO 79941 --- [resume.server] [           main] o.f.core.internal.command.DbMigrate      : Schema "public" is up to date. No migration necessary.
2026-04-30T21:54:41.274-07:00  INFO 79941 --- [resume.server] [           main] o.hibernate.jpa.internal.util.LogHelper  : HHH000204: Processing PersistenceUnitInfo [name: default]
2026-04-30T21:54:41.294-07:00  INFO 79941 --- [resume.server] [           main] org.hibernate.Version                    : HHH000412: Hibernate ORM core version 6.6.4.Final
2026-04-30T21:54:41.308-07:00  INFO 79941 --- [resume.server] [           main] o.h.c.internal.RegionFactoryInitiator    : HHH000026: Second-level cache disabled
2026-04-30T21:54:41.394-07:00  INFO 79941 --- [resume.server] [           main] o.s.o.j.p.SpringPersistenceUnitInfo      : No LoadTimeWeaver setup: ignoring JPA class transformer
2026-04-30T21:54:41.427-07:00  INFO 79941 --- [resume.server] [           main] org.hibernate.orm.connections.pooling    : HHH10001005: Database info:
	Database JDBC URL [Connecting through datasource 'HikariDataSource (HikariPool-1)']
	Database driver: undefined/unknown
	Database version: 16.12
	Autocommit mode: undefined/unknown
	Isolation level: undefined/unknown
	Minimum pool size: undefined/unknown
	Maximum pool size: undefined/unknown
2026-04-30T21:54:41.745-07:00  INFO 79941 --- [resume.server] [           main] o.h.e.t.j.p.i.JtaPlatformInitiator       : HHH000489: No JTA platform available (set 'hibernate.transaction.jta.platform' to enable JTA platform integration)
2026-04-30T21:54:41.772-07:00  INFO 79941 --- [resume.server] [           main] j.LocalContainerEntityManagerFactoryBean : Initialized JPA EntityManagerFactory for persistence unit 'default'
2026-04-30T21:54:41.979-07:00  WARN 79941 --- [resume.server] [           main] JpaBaseConfiguration$JpaWebConfiguration : spring.jpa.open-in-view is enabled by default. Therefore, database queries may be performed during view rendering. Explicitly configure spring.jpa.open-in-view to disable this warning
2026-04-30T21:54:42.242-07:00  INFO 79941 --- [resume.server] [           main] o.s.b.a.e.web.EndpointLinksResolver      : Exposing 1 endpoint beneath base path '/actuator'
2026-04-30T21:54:42.276-07:00  INFO 79941 --- [resume.server] [           main] o.s.b.w.embedded.tomcat.TomcatWebServer  : Tomcat started on port 8080 (http) with context path '/'
2026-04-30T21:54:42.283-07:00  INFO 79941 --- [resume.server] [           main] com.adrian.resumeserver.Application      : Started Application in 2.135 seconds (process running for 2.311)
2026-04-30T21:56:55.938-07:00  INFO 79941 --- [resume.server] [ionShutdownHook] o.s.b.w.e.tomcat.GracefulShutdown        : Commencing graceful shutdown. Waiting for active requests to complete
2026-04-30T21:56:57.955-07:00  INFO 79941 --- [resume.server] [tomcat-shutdown] o.s.b.w.e.tomcat.GracefulShutdown        : Graceful shutdown complete
2026-04-30T21:56:57.967-07:00  INFO 79941 --- [resume.server] [ionShutdownHook] j.LocalContainerEntityManagerFactoryBean : Closing JPA EntityManagerFactory for persistence unit 'default'
2026-04-30T21:56:57.975-07:00  INFO 79941 --- [resume.server] [ionShutdownHook] com.zaxxer.hikari.HikariDataSource       : HikariPool-1 - Shutdown initiated...
2026-04-30T21:56:57.980-07:00  INFO 79941 --- [resume.server] [ionShutdownHook] com.zaxxer.hikari.HikariDataSource       : HikariPool-1 - Shutdown completed.
